<?xml version="1.0" encoding="UTF-8"?>
<!-- Generated by org.testng.reporters.JUnitReportReporter -->
<testsuite skipped="0" hostname="DESKTOP-DCVF3K0" name="bender.api.bestBuy.Products_API_Test" tests="9" failures="0" timestamp="12 Jan 2019 12:49:03 GMT" time="0.672" errors="0">
  <testcase name="DELETE_404" time="0.025" classname="bender.api.bestBuy.Products_API_Test"/>
  <testcase name="POST_200" time="0.042" classname="bender.api.bestBuy.Products_API_Test"/>
  <testcase name="POST_400" time="0.026" classname="bender.api.bestBuy.Products_API_Test"/>
  <testcase name="DELETE_200" time="0.092" classname="bender.api.bestBuy.Products_API_Test"/>
  <testcase name="PATCH_200" time="0.095" classname="bender.api.bestBuy.Products_API_Test"/>
  <testcase name="GET_ID_404" time="0.021" classname="bender.api.bestBuy.Products_API_Test"/>
  <testcase name="GET_200" time="0.244" classname="bender.api.bestBuy.Products_API_Test"/>
  <testcase name="PATCH_404" time="0.040" classname="bender.api.bestBuy.Products_API_Test"/>
  <testcase name="GET_ID_200" time="0.087" classname="bender.api.bestBuy.Products_API_Test"/>
</testsuite> <!-- bender.api.bestBuy.Products_API_Test -->
