<?xml version="1.0" encoding="UTF-8"?>
<!-- Generated by org.testng.reporters.JUnitReportReporter -->
<testsuite skipped="0" hostname="DESKTOP-DCVF3K0" name="bender.api.bestBuy.Services_API_Test" tests="9" failures="0" timestamp="12 Jan 2019 13:57:15 GMT" time="0.561" errors="0">
  <testcase name="POST_200" time="0.055" classname="bender.api.bestBuy.Services_API_Test"/>
  <testcase name="DELETE_404" time="0.033" classname="bender.api.bestBuy.Services_API_Test"/>
  <testcase name="PATCH_404" time="0.051" classname="bender.api.bestBuy.Services_API_Test"/>
  <testcase name="POST_400" time="0.032" classname="bender.api.bestBuy.Services_API_Test"/>
  <testcase name="GET_200" time="0.034" classname="bender.api.bestBuy.Services_API_Test"/>
  <testcase name="GET_ID_200" time="0.039" classname="bender.api.bestBuy.Services_API_Test"/>
  <testcase name="PATCH_200" time="0.126" classname="bender.api.bestBuy.Services_API_Test"/>
  <testcase name="GET_ID_404" time="0.044" classname="bender.api.bestBuy.Services_API_Test"/>
  <testcase name="DELETE_200" time="0.147" classname="bender.api.bestBuy.Services_API_Test"/>
</testsuite> <!-- bender.api.bestBuy.Services_API_Test -->
