<?xml version="1.0" encoding="UTF-8"?>
<!-- Generated by org.testng.reporters.JUnitReportReporter -->
<testsuite skipped="0" hostname="DESKTOP-DCVF3K0" name="bender.api.bestBuy.Services_API_Test" tests="9" failures="0" timestamp="12 Jan 2019 12:49:03 GMT" time="0.408" errors="0">
  <testcase name="GET_200" time="0.017" classname="bender.api.bestBuy.Services_API_Test"/>
  <testcase name="POST_200" time="0.048" classname="bender.api.bestBuy.Services_API_Test"/>
  <testcase name="PATCH_404" time="0.047" classname="bender.api.bestBuy.Services_API_Test"/>
  <testcase name="DELETE_404" time="0.022" classname="bender.api.bestBuy.Services_API_Test"/>
  <testcase name="PATCH_200" time="0.101" classname="bender.api.bestBuy.Services_API_Test"/>
  <testcase name="POST_400" time="0.024" classname="bender.api.bestBuy.Services_API_Test"/>
  <testcase name="DELETE_200" time="0.095" classname="bender.api.bestBuy.Services_API_Test"/>
  <testcase name="GET_ID_404" time="0.019" classname="bender.api.bestBuy.Services_API_Test"/>
  <testcase name="GET_ID_200" time="0.035" classname="bender.api.bestBuy.Services_API_Test"/>
</testsuite> <!-- bender.api.bestBuy.Services_API_Test -->
