<?xml version="1.0" encoding="UTF-8"?>
<!-- Generated by org.testng.reporters.JUnitReportReporter -->
<testsuite skipped="0" hostname="DESKTOP-DCVF3K0" name="bender.api.bestBuy.Stores_API_Test" tests="9" failures="0" timestamp="12 Jan 2019 13:57:15 GMT" time="0.527" errors="0">
  <testcase name="GET_ID_200" time="0.065" classname="bender.api.bestBuy.Stores_API_Test"/>
  <testcase name="GET_ID_404" time="0.027" classname="bender.api.bestBuy.Stores_API_Test"/>
  <testcase name="DELETE_200" time="0.117" classname="bender.api.bestBuy.Stores_API_Test"/>
  <testcase name="PATCH_200" time="0.109" classname="bender.api.bestBuy.Stores_API_Test"/>
  <testcase name="POST_200" time="0.075" classname="bender.api.bestBuy.Stores_API_Test"/>
  <testcase name="PATCH_404" time="0.040" classname="bender.api.bestBuy.Stores_API_Test"/>
  <testcase name="GET_200" time="0.044" classname="bender.api.bestBuy.Stores_API_Test"/>
  <testcase name="DELETE_404" time="0.016" classname="bender.api.bestBuy.Stores_API_Test"/>
  <testcase name="POST_400" time="0.034" classname="bender.api.bestBuy.Stores_API_Test"/>
</testsuite> <!-- bender.api.bestBuy.Stores_API_Test -->
