<?xml version="1.0" encoding="UTF-8"?>
<!-- Generated by org.testng.reporters.JUnitReportReporter -->
<testsuite skipped="0" hostname="DESKTOP-DCVF3K0" name="bender.api.bestBuy.Products_API_Test" tests="9" failures="0" timestamp="12 Jan 2019 13:57:15 GMT" time="0.997" errors="0">
  <testcase name="POST_400" time="0.034" classname="bender.api.bestBuy.Products_API_Test"/>
  <testcase name="GET_ID_200" time="0.072" classname="bender.api.bestBuy.Products_API_Test"/>
  <testcase name="DELETE_200" time="0.130" classname="bender.api.bestBuy.Products_API_Test"/>
  <testcase name="PATCH_404" time="0.067" classname="bender.api.bestBuy.Products_API_Test"/>
  <testcase name="GET_ID_404" time="0.049" classname="bender.api.bestBuy.Products_API_Test"/>
  <testcase name="POST_200" time="0.062" classname="bender.api.bestBuy.Products_API_Test"/>
  <testcase name="DELETE_404" time="0.048" classname="bender.api.bestBuy.Products_API_Test"/>
  <testcase name="PATCH_200" time="0.151" classname="bender.api.bestBuy.Products_API_Test"/>
  <testcase name="GET_200" time="0.384" classname="bender.api.bestBuy.Products_API_Test"/>
</testsuite> <!-- bender.api.bestBuy.Products_API_Test -->
