<?xml version="1.0" encoding="UTF-8"?>
<!-- Generated by org.testng.reporters.JUnitReportReporter -->
<testsuite skipped="0" hostname="DESKTOP-DCVF3K0" name="bender.api.bestBuy.Utilities_API_Test" tests="2" failures="0" timestamp="12 Jan 2019 13:57:15 GMT" time="0.078" errors="0">
  <testcase name="GET_200_Version" time="0.009" classname="bender.api.bestBuy.Utilities_API_Test"/>
  <testcase name="GET_200_Healthcheck" time="0.069" classname="bender.api.bestBuy.Utilities_API_Test"/>
</testsuite> <!-- bender.api.bestBuy.Utilities_API_Test -->
