<?xml version="1.0" encoding="UTF-8"?>
<!-- Generated by org.testng.reporters.JUnitReportReporter -->
<testsuite skipped="0" hostname="DESKTOP-DCVF3K0" name="bender.api.bestBuy.Categories_API_Test" tests="9" failures="0" timestamp="12 Jan 2019 12:49:03 GMT" time="2.504" errors="0">
  <testcase name="PATCH_200" time="0.103" classname="bender.api.bestBuy.Categories_API_Test"/>
  <testcase name="GET_ID_200" time="0.077" classname="bender.api.bestBuy.Categories_API_Test"/>
  <testcase name="DELETE_404" time="0.026" classname="bender.api.bestBuy.Categories_API_Test"/>
  <testcase name="GET_ID_404" time="0.031" classname="bender.api.bestBuy.Categories_API_Test"/>
  <testcase name="POST_200" time="0.047" classname="bender.api.bestBuy.Categories_API_Test"/>
  <testcase name="DELETE_200" time="2.059" classname="bender.api.bestBuy.Categories_API_Test"/>
  <testcase name="GET_200" time="0.085" classname="bender.api.bestBuy.Categories_API_Test"/>
  <testcase name="PATCH_404" time="0.046" classname="bender.api.bestBuy.Categories_API_Test"/>
  <testcase name="POST_400" time="0.030" classname="bender.api.bestBuy.Categories_API_Test"/>
</testsuite> <!-- bender.api.bestBuy.Categories_API_Test -->
