<?xml version="1.0" encoding="UTF-8"?>
<!-- Generated by org.testng.reporters.JUnitReportReporter -->
<testsuite skipped="0" hostname="DESKTOP-DCVF3K0" name="bender.api.bestBuy.Categories_API_Test" tests="10" failures="0" timestamp="12 Jan 2019 13:57:15 GMT" time="3.663" errors="0">
  <testcase name="PATCH_200" time="0.140" classname="bender.api.bestBuy.Categories_API_Test"/>
  <testcase name="GET_ID_200" time="0.105" classname="bender.api.bestBuy.Categories_API_Test"/>
  <testcase name="POST_400_id_must_be_unique" time="0.095" classname="bender.api.bestBuy.Categories_API_Test"/>
  <testcase name="GET_ID_404" time="0.084" classname="bender.api.bestBuy.Categories_API_Test"/>
  <testcase name="DELETE_404" time="0.037" classname="bender.api.bestBuy.Categories_API_Test"/>
  <testcase name="POST_201" time="0.057" classname="bender.api.bestBuy.Categories_API_Test"/>
  <testcase name="DELETE_200" time="2.902" classname="bender.api.bestBuy.Categories_API_Test"/>
  <testcase name="GET_200" time="0.146" classname="bender.api.bestBuy.Categories_API_Test"/>
  <testcase name="PATCH_404" time="0.061" classname="bender.api.bestBuy.Categories_API_Test"/>
  <testcase name="POST_400" time="0.036" classname="bender.api.bestBuy.Categories_API_Test"/>
</testsuite> <!-- bender.api.bestBuy.Categories_API_Test -->
